<?xml version="1.0" encoding="UTF-8"?>
<testsuite xmlns:xsi="http://www.w3.org/2001/XMLSchema-instance" xsi:noNamespaceSchemaLocation="https://maven.apache.org/surefire/maven-surefire-plugin/xsd/surefire-test-report-3.0.xsd" version="3.0" name="cucumber.Options.TestRunner" time="3.533" tests="1" errors="0" skipped="0" failures="0">
  <properties>
[...]
</properties>
  <testcase name="Verify if Place is being Successfully added using AddPlaceAPI" classname="Validating Place API&apos;s" time="3.237">
    <system-out><![CDATA[/maps/api/place/add/json
Response: {"status":"OK","place_id":"306807ae78919ba8a5cfe47446c8ba1c","scope":"APP","reference":"1ebf43043ee85d5fec4a6ec0cc6e34db1ebf43043ee85d5fec4a6ec0cc6e34db","id":"1ebf43043ee85d5fec4a6ec0cc6e34db"}
Response: {"status":"OK","place_id":"306807ae78919ba8a5cfe47446c8ba1c","scope":"APP","reference":"1ebf43043ee85d5fec4a6ec0cc6e34db1ebf43043ee85d5fec4a6ec0cc6e34db","id":"1ebf43043ee85d5fec4a6ec0cc6e34db"}
/maps/api/place/get/json
Response: {"location":{"latitude":"-38.383494","longitude":"33.427362"},"accuracy":"50","name":"Randy","phone_number":"(+91) 983 893 3937","address":"Reading","types":"shoe park,shop","website":"http:\/\/google.com","language":""}
]]></system-out>
  </testcase>
</testsuite>